\BOOKMARK [0][-]{chapter.1}{\376\377\000G\000o\000b\000l\000i\000n\000\040\000C\000o\000d\000i\000n\000g\000'\000s\000\040\000X\000M\000L\000\040\000M\000i\000l\000l}{}
\BOOKMARK [1][-]{section.1.1}{\376\377\000I\000n\000t\000r\000o\000d\000u\000c\000t\000i\000o\000n}{chapter.1}
\BOOKMARK [1][-]{section.1.2}{\376\377\000D\000o\000w\000n\000l\000o\000a\000d}{chapter.1}
\BOOKMARK [0][-]{chapter.2}{\376\377\000N\000a\000m\000e\000s\000p\000a\000c\000e\000\040\000I\000n\000d\000e\000x}{}
\BOOKMARK [1][-]{section.2.1}{\376\377\000N\000a\000m\000e\000s\000p\000a\000c\000e\000\040\000L\000i\000s\000t}{chapter.2}
\BOOKMARK [0][-]{chapter.3}{\376\377\000C\000l\000a\000s\000s\000\040\000I\000n\000d\000e\000x}{}
\BOOKMARK [1][-]{section.3.1}{\376\377\000C\000l\000a\000s\000s\000\040\000L\000i\000s\000t}{chapter.3}
\BOOKMARK [0][-]{chapter.4}{\376\377\000N\000a\000m\000e\000s\000p\000a\000c\000e\000\040\000D\000o\000c\000u\000m\000e\000n\000t\000a\000t\000i\000o\000n}{}
\BOOKMARK [1][-]{section.4.1}{\376\377\000G\000C\000G\000l\000o\000b\000a\000l\000S\000p\000a\000c\000e\000\040\000N\000a\000m\000e\000s\000p\000a\000c\000e\000\040\000R\000e\000f\000e\000r\000e\000n\000c\000e}{chapter.4}
\BOOKMARK [2][-]{subsection.4.1.1}{\376\377\000D\000e\000t\000a\000i\000l\000e\000d\000\040\000D\000e\000s\000c\000r\000i\000p\000t\000i\000o\000n}{section.4.1}
\BOOKMARK [2][-]{subsection.4.1.2}{\376\377\000F\000u\000n\000c\000t\000i\000o\000n\000\040\000D\000o\000c\000u\000m\000e\000n\000t\000a\000t\000i\000o\000n}{section.4.1}
\BOOKMARK [3][-]{subsubsection.4.1.2.1}{\376\377\000s\000e\000t\000S\000h\000o\000w\000H\000e\000l\000p\000B\000u\000t\000t\000o\000n\000s}{subsection.4.1.2}
\BOOKMARK [3][-]{subsubsection.4.1.2.2}{\376\377\000s\000e\000t\000S\000h\000o\000w\000T\000r\000e\000e\000I\000t\000e\000m\000s\000V\000e\000r\000b\000o\000s\000e}{subsection.4.1.2}
\BOOKMARK [3][-]{subsubsection.4.1.2.3}{\376\377\000s\000h\000o\000w\000H\000e\000l\000p\000B\000u\000t\000t\000o\000n\000s}{subsection.4.1.2}
\BOOKMARK [3][-]{subsubsection.4.1.2.4}{\376\377\000s\000h\000o\000w\000T\000r\000e\000e\000I\000t\000e\000m\000s\000V\000e\000r\000b\000o\000s\000e}{subsection.4.1.2}
\BOOKMARK [2][-]{subsection.4.1.3}{\376\377\000V\000a\000r\000i\000a\000b\000l\000e\000\040\000D\000o\000c\000u\000m\000e\000n\000t\000a\000t\000i\000o\000n}{section.4.1}
\BOOKMARK [3][-]{subsubsection.4.1.3.1}{\376\377\000A\000P\000P\000L\000I\000C\000A\000T\000I\000O\000N}{subsection.4.1.3}
\BOOKMARK [3][-]{subsubsection.4.1.3.2}{\376\377\000F\000O\000N\000T}{subsection.4.1.3}
\BOOKMARK [3][-]{subsubsection.4.1.3.3}{\376\377\000F\000O\000N\000T\000S\000I\000Z\000E}{subsection.4.1.3}
\BOOKMARK [3][-]{subsubsection.4.1.3.4}{\376\377\000O\000R\000G\000A\000N\000I\000S\000A\000T\000I\000O\000N}{subsection.4.1.3}
\BOOKMARK [1][-]{section.4.2}{\376\377\000G\000C\000M\000e\000s\000s\000a\000g\000e\000S\000p\000a\000c\000e\000\040\000N\000a\000m\000e\000s\000p\000a\000c\000e\000\040\000R\000e\000f\000e\000r\000e\000n\000c\000e}{chapter.4}
\BOOKMARK [2][-]{subsection.4.2.1}{\376\377\000D\000e\000t\000a\000i\000l\000e\000d\000\040\000D\000e\000s\000c\000r\000i\000p\000t\000i\000o\000n}{section.4.2}
\BOOKMARK [2][-]{subsection.4.2.2}{\376\377\000E\000n\000u\000m\000e\000r\000a\000t\000i\000o\000n\000\040\000T\000y\000p\000e\000\040\000D\000o\000c\000u\000m\000e\000n\000t\000a\000t\000i\000o\000n}{section.4.2}
\BOOKMARK [3][-]{subsubsection.4.2.2.1}{\376\377\000B\000u\000t\000t\000o\000n\000C\000o\000m\000b\000o}{subsection.4.2.2}
\BOOKMARK [3][-]{subsubsection.4.2.2.2}{\376\377\000B\000u\000t\000t\000o\000n\000s}{subsection.4.2.2}
\BOOKMARK [3][-]{subsubsection.4.2.2.3}{\376\377\000I\000c\000o\000n}{subsection.4.2.2}
\BOOKMARK [2][-]{subsection.4.2.3}{\376\377\000F\000u\000n\000c\000t\000i\000o\000n\000\040\000D\000o\000c\000u\000m\000e\000n\000t\000a\000t\000i\000o\000n}{section.4.2}
\BOOKMARK [3][-]{subsubsection.4.2.3.1}{\376\377\000f\000o\000r\000g\000e\000t\000A\000l\000l\000P\000r\000e\000f\000e\000r\000e\000n\000c\000e\000s}{subsection.4.2.3}
\BOOKMARK [3][-]{subsubsection.4.2.3.2}{\376\377\000s\000h\000o\000w\000E\000r\000r\000o\000r\000M\000e\000s\000s\000a\000g\000e\000B\000o\000x}{subsection.4.2.3}
\BOOKMARK [3][-]{subsubsection.4.2.3.3}{\376\377\000u\000s\000e\000r\000A\000c\000c\000e\000p\000t\000e\000d}{subsection.4.2.3}
\BOOKMARK [0][-]{chapter.5}{\376\377\000C\000l\000a\000s\000s\000\040\000D\000o\000c\000u\000m\000e\000n\000t\000a\000t\000i\000o\000n}{}
\BOOKMARK [1][-]{section.5.1}{\376\377\000G\000C\000A\000d\000d\000I\000t\000e\000m\000s\000F\000o\000r\000m\000\040\000C\000l\000a\000s\000s\000\040\000R\000e\000f\000e\000r\000e\000n\000c\000e}{chapter.5}
\BOOKMARK [2][-]{subsection.5.1.1}{\376\377\000D\000e\000t\000a\000i\000l\000e\000d\000\040\000D\000e\000s\000c\000r\000i\000p\000t\000i\000o\000n}{section.5.1}
\BOOKMARK [2][-]{subsection.5.1.2}{\376\377\000C\000o\000n\000s\000t\000r\000u\000c\000t\000o\000r\000\040\000\046\000\040\000D\000e\000s\000t\000r\000u\000c\000t\000o\000r\000\040\000D\000o\000c\000u\000m\000e\000n\000t\000a\000t\000i\000o\000n}{section.5.1}
\BOOKMARK [3][-]{subsubsection.5.1.2.1}{\376\377\000G\000C\000A\000d\000d\000I\000t\000e\000m\000s\000F\000o\000r\000m}{subsection.5.1.2}
\BOOKMARK [3][-]{subsubsection.5.1.2.2}{\376\377\000G\000C\000A\000d\000d\000I\000t\000e\000m\000s\000F\000o\000r\000m}{subsection.5.1.2}
\BOOKMARK [1][-]{section.5.2}{\376\377\000G\000C\000A\000d\000d\000S\000n\000i\000p\000p\000e\000t\000s\000F\000o\000r\000m\000\040\000C\000l\000a\000s\000s\000\040\000R\000e\000f\000e\000r\000e\000n\000c\000e}{chapter.5}
\BOOKMARK [2][-]{subsection.5.2.1}{\376\377\000D\000e\000t\000a\000i\000l\000e\000d\000\040\000D\000e\000s\000c\000r\000i\000p\000t\000i\000o\000n}{section.5.2}
\BOOKMARK [2][-]{subsection.5.2.2}{\376\377\000C\000o\000n\000s\000t\000r\000u\000c\000t\000o\000r\000\040\000\046\000\040\000D\000e\000s\000t\000r\000u\000c\000t\000o\000r\000\040\000D\000o\000c\000u\000m\000e\000n\000t\000a\000t\000i\000o\000n}{section.5.2}
\BOOKMARK [3][-]{subsubsection.5.2.2.1}{\376\377\000G\000C\000A\000d\000d\000S\000n\000i\000p\000p\000e\000t\000s\000F\000o\000r\000m}{subsection.5.2.2}
\BOOKMARK [3][-]{subsubsection.5.2.2.2}{\376\377\000G\000C\000A\000d\000d\000S\000n\000i\000p\000p\000e\000t\000s\000F\000o\000r\000m}{subsection.5.2.2}
\BOOKMARK [2][-]{subsection.5.2.3}{\376\377\000M\000e\000m\000b\000e\000r\000\040\000F\000u\000n\000c\000t\000i\000o\000n\000\040\000D\000o\000c\000u\000m\000e\000n\000t\000a\000t\000i\000o\000n}{section.5.2}
\BOOKMARK [3][-]{subsubsection.5.2.3.1}{\376\377\000s\000n\000i\000p\000p\000e\000t\000A\000d\000d\000e\000d}{subsection.5.2.3}
\BOOKMARK [1][-]{section.5.3}{\376\377\000G\000C\000B\000a\000t\000c\000h\000P\000r\000o\000c\000e\000s\000s\000o\000r\000H\000e\000l\000p\000e\000r\000\040\000C\000l\000a\000s\000s\000\040\000R\000e\000f\000e\000r\000e\000n\000c\000e}{chapter.5}
\BOOKMARK [2][-]{subsection.5.3.1}{\376\377\000D\000e\000t\000a\000i\000l\000e\000d\000\040\000D\000e\000s\000c\000r\000i\000p\000t\000i\000o\000n}{section.5.3}
\BOOKMARK [2][-]{subsection.5.3.2}{\376\377\000C\000o\000n\000s\000t\000r\000u\000c\000t\000o\000r\000\040\000\046\000\040\000D\000e\000s\000t\000r\000u\000c\000t\000o\000r\000\040\000D\000o\000c\000u\000m\000e\000n\000t\000a\000t\000i\000o\000n}{section.5.3}
\BOOKMARK [3][-]{subsubsection.5.3.2.1}{\376\377\000G\000C\000B\000a\000t\000c\000h\000P\000r\000o\000c\000e\000s\000s\000o\000r\000H\000e\000l\000p\000e\000r}{subsection.5.3.2}
\BOOKMARK [2][-]{subsection.5.3.3}{\376\377\000M\000e\000m\000b\000e\000r\000\040\000F\000u\000n\000c\000t\000i\000o\000n\000\040\000D\000o\000c\000u\000m\000e\000n\000t\000a\000t\000i\000o\000n}{section.5.3}
\BOOKMARK [3][-]{subsubsection.5.3.3.1}{\376\377\000a\000s\000s\000o\000c\000i\000a\000t\000e\000d\000E\000l\000e\000m\000e\000n\000t\000s\000T\000o\000U\000p\000d\000a\000t\000e}{subsection.5.3.3}
\BOOKMARK [3][-]{subsubsection.5.3.3.2}{\376\377\000a\000t\000t\000r\000i\000b\000u\000t\000e\000K\000e\000y\000s\000T\000o\000U\000p\000d\000a\000t\000e}{subsection.5.3.3}
\BOOKMARK [3][-]{subsubsection.5.3.3.3}{\376\377\000a\000t\000t\000r\000i\000b\000u\000t\000e\000V\000a\000l\000u\000e\000s\000T\000o\000U\000p\000d\000a\000t\000e}{subsection.5.3.3}
\BOOKMARK [3][-]{subsubsection.5.3.3.4}{\376\377\000e\000l\000e\000m\000e\000n\000t\000A\000t\000t\000r\000i\000b\000u\000t\000e\000s\000T\000o\000U\000p\000d\000a\000t\000e}{subsection.5.3.3}
\BOOKMARK [3][-]{subsubsection.5.3.3.5}{\376\377\000e\000l\000e\000m\000e\000n\000t\000C\000h\000i\000l\000d\000r\000e\000n\000T\000o\000U\000p\000d\000a\000t\000e}{subsection.5.3.3}
\BOOKMARK [3][-]{subsubsection.5.3.3.6}{\376\377\000e\000l\000e\000m\000e\000n\000t\000s\000T\000o\000U\000p\000d\000a\000t\000e}{subsection.5.3.3}
\BOOKMARK [3][-]{subsubsection.5.3.3.7}{\376\377\000n\000e\000w\000A\000s\000s\000o\000c\000i\000a\000t\000e\000d\000E\000l\000e\000m\000e\000n\000t\000s\000T\000o\000A\000d\000d}{subsection.5.3.3}
\BOOKMARK [3][-]{subsubsection.5.3.3.8}{\376\377\000n\000e\000w\000A\000t\000t\000r\000i\000b\000u\000t\000e\000K\000e\000y\000s\000T\000o\000A\000d\000d}{subsection.5.3.3}
\BOOKMARK [3][-]{subsubsection.5.3.3.9}{\376\377\000n\000e\000w\000A\000t\000t\000r\000i\000b\000u\000t\000e\000V\000a\000l\000u\000e\000s\000T\000o\000A\000d\000d}{subsection.5.3.3}
\BOOKMARK [3][-]{subsubsection.5.3.3.10}{\376\377\000n\000e\000w\000E\000l\000e\000m\000e\000n\000t\000A\000t\000t\000r\000i\000b\000u\000t\000e\000s\000T\000o\000A\000d\000d}{subsection.5.3.3}
\BOOKMARK [3][-]{subsubsection.5.3.3.11}{\376\377\000n\000e\000w\000E\000l\000e\000m\000e\000n\000t\000C\000h\000i\000l\000d\000r\000e\000n\000T\000o\000A\000d\000d}{subsection.5.3.3}
\BOOKMARK [3][-]{subsubsection.5.3.3.12}{\376\377\000n\000e\000w\000E\000l\000e\000m\000e\000n\000t\000s\000T\000o\000A\000d\000d}{subsection.5.3.3}
\BOOKMARK [1][-]{section.5.4}{\376\377\000G\000C\000C\000o\000m\000b\000o\000B\000o\000x\000\040\000C\000l\000a\000s\000s\000\040\000R\000e\000f\000e\000r\000e\000n\000c\000e}{chapter.5}
\BOOKMARK [2][-]{subsection.5.4.1}{\376\377\000D\000e\000t\000a\000i\000l\000e\000d\000\040\000D\000e\000s\000c\000r\000i\000p\000t\000i\000o\000n}{section.5.4}
\BOOKMARK [2][-]{subsection.5.4.2}{\376\377\000C\000o\000n\000s\000t\000r\000u\000c\000t\000o\000r\000\040\000\046\000\040\000D\000e\000s\000t\000r\000u\000c\000t\000o\000r\000\040\000D\000o\000c\000u\000m\000e\000n\000t\000a\000t\000i\000o\000n}{section.5.4}
\BOOKMARK [3][-]{subsubsection.5.4.2.1}{\376\377\000G\000C\000C\000o\000m\000b\000o\000B\000o\000x}{subsection.5.4.2}
\BOOKMARK [2][-]{subsection.5.4.3}{\376\377\000M\000e\000m\000b\000e\000r\000\040\000F\000u\000n\000c\000t\000i\000o\000n\000\040\000D\000o\000c\000u\000m\000e\000n\000t\000a\000t\000i\000o\000n}{section.5.4}
\BOOKMARK [3][-]{subsubsection.5.4.3.1}{\376\377\000f\000o\000c\000u\000s\000I\000n\000E\000v\000e\000n\000t}{subsection.5.4.3}
\BOOKMARK [3][-]{subsubsection.5.4.3.2}{\376\377\000f\000o\000c\000u\000s\000O\000u\000t\000E\000v\000e\000n\000t}{subsection.5.4.3}
\BOOKMARK [3][-]{subsubsection.5.4.3.3}{\376\377\000m\000o\000u\000s\000e\000P\000r\000e\000s\000s\000E\000v\000e\000n\000t}{subsection.5.4.3}
\BOOKMARK [1][-]{section.5.5}{\376\377\000G\000C\000D\000a\000t\000a\000B\000a\000s\000e\000I\000n\000t\000e\000r\000f\000a\000c\000e\000\040\000C\000l\000a\000s\000s\000\040\000R\000e\000f\000e\000r\000e\000n\000c\000e}{chapter.5}
\BOOKMARK [2][-]{subsection.5.5.1}{\376\377\000D\000e\000t\000a\000i\000l\000e\000d\000\040\000D\000e\000s\000c\000r\000i\000p\000t\000i\000o\000n}{section.5.5}
\BOOKMARK [2][-]{subsection.5.5.2}{\376\377\000M\000e\000m\000b\000e\000r\000\040\000F\000u\000n\000c\000t\000i\000o\000n\000\040\000D\000o\000c\000u\000m\000e\000n\000t\000a\000t\000i\000o\000n}{section.5.5}
\BOOKMARK [3][-]{subsubsection.5.5.2.1}{\376\377\000a\000c\000t\000i\000v\000e\000S\000e\000s\000s\000i\000o\000n\000N\000a\000m\000e}{subsection.5.5.2}
\BOOKMARK [3][-]{subsubsection.5.5.2.2}{\376\377\000a\000d\000d\000D\000a\000t\000a\000b\000a\000s\000e}{subsection.5.5.2}
\BOOKMARK [3][-]{subsubsection.5.5.2.3}{\376\377\000a\000d\000d\000E\000l\000e\000m\000e\000n\000t}{subsection.5.5.2}
\BOOKMARK [3][-]{subsubsection.5.5.2.4}{\376\377\000a\000d\000d\000R\000o\000o\000t\000E\000l\000e\000m\000e\000n\000t}{subsection.5.5.2}
\BOOKMARK [3][-]{subsubsection.5.5.2.5}{\376\377\000a\000t\000t\000r\000i\000b\000u\000t\000e\000s}{subsection.5.5.2}
\BOOKMARK [3][-]{subsubsection.5.5.2.6}{\376\377\000a\000t\000t\000r\000i\000b\000u\000t\000e\000V\000a\000l\000u\000e\000s}{subsection.5.5.2}
\BOOKMARK [3][-]{subsubsection.5.5.2.7}{\376\377\000b\000a\000t\000c\000h\000P\000r\000o\000c\000e\000s\000s\000D\000o\000m\000D\000o\000c\000u\000m\000e\000n\000t}{subsection.5.5.2}
\BOOKMARK [3][-]{subsubsection.5.5.2.8}{\376\377\000c\000h\000i\000l\000d\000r\000e\000n}{subsection.5.5.2}
\BOOKMARK [3][-]{subsubsection.5.5.2.9}{\376\377\000c\000o\000n\000n\000e\000c\000t\000i\000o\000n\000L\000i\000s\000t}{subsection.5.5.2}
\BOOKMARK [3][-]{subsubsection.5.5.2.10}{\376\377\000c\000o\000n\000t\000a\000i\000n\000s\000K\000n\000o\000w\000n\000R\000o\000o\000t\000E\000l\000e\000m\000e\000n\000t}{subsection.5.5.2}
\BOOKMARK [3][-]{subsubsection.5.5.2.11}{\376\377\000h\000a\000s\000A\000c\000t\000i\000v\000e\000S\000e\000s\000s\000i\000o\000n}{subsection.5.5.2}
\BOOKMARK [3][-]{subsubsection.5.5.2.12}{\376\377\000i\000n\000s\000t\000a\000n\000c\000e}{subsection.5.5.2}
\BOOKMARK [3][-]{subsubsection.5.5.2.13}{\376\377\000i\000s\000D\000o\000c\000u\000m\000e\000n\000t\000C\000o\000m\000p\000a\000t\000i\000b\000l\000e}{subsection.5.5.2}
\BOOKMARK [3][-]{subsubsection.5.5.2.14}{\376\377\000i\000s\000I\000n\000i\000t\000i\000a\000l\000i\000s\000e\000d}{subsection.5.5.2}
\BOOKMARK [3][-]{subsubsection.5.5.2.15}{\376\377\000i\000s\000P\000r\000o\000f\000i\000l\000e\000E\000m\000p\000t\000y}{subsection.5.5.2}
\BOOKMARK [3][-]{subsubsection.5.5.2.16}{\376\377\000i\000s\000U\000n\000i\000q\000u\000e\000C\000h\000i\000l\000d\000E\000l\000e\000m\000e\000n\000t}{subsection.5.5.2}
\BOOKMARK [3][-]{subsubsection.5.5.2.17}{\376\377\000k\000n\000o\000w\000n\000E\000l\000e\000m\000e\000n\000t\000s}{subsection.5.5.2}
\BOOKMARK [3][-]{subsubsection.5.5.2.18}{\376\377\000k\000n\000o\000w\000n\000R\000o\000o\000t\000E\000l\000e\000m\000e\000n\000t\000s}{subsection.5.5.2}
\BOOKMARK [3][-]{subsubsection.5.5.2.19}{\376\377\000l\000a\000s\000t\000E\000r\000r\000o\000r}{subsection.5.5.2}
\BOOKMARK [3][-]{subsubsection.5.5.2.20}{\376\377\000r\000e\000m\000o\000v\000e\000A\000t\000t\000r\000i\000b\000u\000t\000e}{subsection.5.5.2}
\BOOKMARK [3][-]{subsubsection.5.5.2.21}{\376\377\000r\000e\000m\000o\000v\000e\000C\000h\000i\000l\000d\000E\000l\000e\000m\000e\000n\000t}{subsection.5.5.2}
\BOOKMARK [3][-]{subsubsection.5.5.2.22}{\376\377\000r\000e\000m\000o\000v\000e\000D\000a\000t\000a\000b\000a\000s\000e}{subsection.5.5.2}
\BOOKMARK [3][-]{subsubsection.5.5.2.23}{\376\377\000r\000e\000m\000o\000v\000e\000E\000l\000e\000m\000e\000n\000t}{subsection.5.5.2}
\BOOKMARK [3][-]{subsubsection.5.5.2.24}{\376\377\000r\000e\000m\000o\000v\000e\000R\000o\000o\000t\000E\000l\000e\000m\000e\000n\000t}{subsection.5.5.2}
\BOOKMARK [3][-]{subsubsection.5.5.2.25}{\376\377\000s\000e\000t\000A\000c\000t\000i\000v\000e\000D\000a\000t\000a\000b\000a\000s\000e}{subsection.5.5.2}
\BOOKMARK [3][-]{subsubsection.5.5.2.26}{\376\377\000u\000p\000d\000a\000t\000e\000A\000t\000t\000r\000i\000b\000u\000t\000e\000V\000a\000l\000u\000e\000s}{subsection.5.5.2}
\BOOKMARK [3][-]{subsubsection.5.5.2.27}{\376\377\000u\000p\000d\000a\000t\000e\000E\000l\000e\000m\000e\000n\000t\000A\000t\000t\000r\000i\000b\000u\000t\000e\000s}{subsection.5.5.2}
\BOOKMARK [3][-]{subsubsection.5.5.2.28}{\376\377\000u\000p\000d\000a\000t\000e\000E\000l\000e\000m\000e\000n\000t\000C\000h\000i\000l\000d\000r\000e\000n}{subsection.5.5.2}
\BOOKMARK [1][-]{section.5.6}{\376\377\000G\000C\000D\000B\000S\000e\000s\000s\000i\000o\000n\000M\000a\000n\000a\000g\000e\000r\000\040\000C\000l\000a\000s\000s\000\040\000R\000e\000f\000e\000r\000e\000n\000c\000e}{chapter.5}
\BOOKMARK [2][-]{subsection.5.6.1}{\376\377\000D\000e\000t\000a\000i\000l\000e\000d\000\040\000D\000e\000s\000c\000r\000i\000p\000t\000i\000o\000n}{section.5.6}
\BOOKMARK [2][-]{subsection.5.6.2}{\376\377\000C\000o\000n\000s\000t\000r\000u\000c\000t\000o\000r\000\040\000\046\000\040\000D\000e\000s\000t\000r\000u\000c\000t\000o\000r\000\040\000D\000o\000c\000u\000m\000e\000n\000t\000a\000t\000i\000o\000n}{section.5.6}
\BOOKMARK [3][-]{subsubsection.5.6.2.1}{\376\377\000G\000C\000D\000B\000S\000e\000s\000s\000i\000o\000n\000M\000a\000n\000a\000g\000e\000r}{subsection.5.6.2}
\BOOKMARK [3][-]{subsubsection.5.6.2.2}{\376\377\000G\000C\000D\000B\000S\000e\000s\000s\000i\000o\000n\000M\000a\000n\000a\000g\000e\000r}{subsection.5.6.2}
\BOOKMARK [2][-]{subsection.5.6.3}{\376\377\000M\000e\000m\000b\000e\000r\000\040\000F\000u\000n\000c\000t\000i\000o\000n\000\040\000D\000o\000c\000u\000m\000e\000n\000t\000a\000t\000i\000o\000n}{section.5.6}
\BOOKMARK [3][-]{subsubsection.5.6.3.1}{\376\377\000a\000c\000t\000i\000v\000e\000D\000a\000t\000a\000b\000a\000s\000e\000C\000h\000a\000n\000g\000e\000d}{subsection.5.6.3}
\BOOKMARK [3][-]{subsubsection.5.6.3.2}{\376\377\000a\000d\000d\000E\000x\000i\000s\000t\000i\000n\000g\000D\000a\000t\000a\000b\000a\000s\000e}{subsection.5.6.3}
\BOOKMARK [3][-]{subsubsection.5.6.3.3}{\376\377\000a\000d\000d\000N\000e\000w\000D\000a\000t\000a\000b\000a\000s\000e}{subsection.5.6.3}
\BOOKMARK [3][-]{subsubsection.5.6.3.4}{\376\377\000r\000e\000m\000o\000v\000e\000D\000a\000t\000a\000b\000a\000s\000e}{subsection.5.6.3}
\BOOKMARK [3][-]{subsubsection.5.6.3.5}{\376\377\000r\000e\000s\000e\000t}{subsection.5.6.3}
\BOOKMARK [3][-]{subsubsection.5.6.3.6}{\376\377\000s\000e\000l\000e\000c\000t\000A\000c\000t\000i\000v\000e\000D\000a\000t\000a\000b\000a\000s\000e}{subsection.5.6.3}
\BOOKMARK [1][-]{section.5.7}{\376\377\000G\000C\000D\000o\000m\000T\000r\000e\000e\000W\000i\000d\000g\000e\000t\000\040\000C\000l\000a\000s\000s\000\040\000R\000e\000f\000e\000r\000e\000n\000c\000e}{chapter.5}
\BOOKMARK [2][-]{subsection.5.7.1}{\376\377\000D\000e\000t\000a\000i\000l\000e\000d\000\040\000D\000e\000s\000c\000r\000i\000p\000t\000i\000o\000n}{section.5.7}
\BOOKMARK [2][-]{subsection.5.7.2}{\376\377\000C\000o\000n\000s\000t\000r\000u\000c\000t\000o\000r\000\040\000\046\000\040\000D\000e\000s\000t\000r\000u\000c\000t\000o\000r\000\040\000D\000o\000c\000u\000m\000e\000n\000t\000a\000t\000i\000o\000n}{section.5.7}
\BOOKMARK [3][-]{subsubsection.5.7.2.1}{\376\377\000G\000C\000D\000o\000m\000T\000r\000e\000e\000W\000i\000d\000g\000e\000t}{subsection.5.7.2}
\BOOKMARK [3][-]{subsubsection.5.7.2.2}{\376\377\000G\000C\000D\000o\000m\000T\000r\000e\000e\000W\000i\000d\000g\000e\000t}{subsection.5.7.2}
\BOOKMARK [2][-]{subsection.5.7.3}{\376\377\000M\000e\000m\000b\000e\000r\000\040\000F\000u\000n\000c\000t\000i\000o\000n\000\040\000D\000o\000c\000u\000m\000e\000n\000t\000a\000t\000i\000o\000n}{section.5.7}
\BOOKMARK [3][-]{subsubsection.5.7.3.1}{\376\377\000a\000c\000t\000i\000v\000e\000C\000o\000m\000m\000e\000n\000t\000V\000a\000l\000u\000e}{subsection.5.7.3}
\BOOKMARK [3][-]{subsubsection.5.7.3.2}{\376\377\000a\000d\000d\000I\000t\000e\000m}{subsection.5.7.3}
\BOOKMARK [3][-]{subsubsection.5.7.3.3}{\376\377\000a\000l\000l\000T\000r\000e\000e\000W\000i\000d\000g\000e\000t\000I\000t\000e\000m\000s}{subsection.5.7.3}
\BOOKMARK [3][-]{subsubsection.5.7.3.4}{\376\377\000a\000p\000p\000e\000n\000d\000S\000n\000i\000p\000p\000e\000t}{subsection.5.7.3}
\BOOKMARK [3][-]{subsubsection.5.7.3.5}{\376\377\000c\000l\000e\000a\000r\000A\000n\000d\000R\000e\000s\000e\000t}{subsection.5.7.3}
\BOOKMARK [3][-]{subsubsection.5.7.3.6}{\376\377\000c\000l\000o\000n\000e\000D\000o\000c\000u\000m\000e\000n\000t}{subsection.5.7.3}
\BOOKMARK [3][-]{subsubsection.5.7.3.7}{\376\377\000d\000r\000o\000p\000E\000v\000e\000n\000t}{subsection.5.7.3}
\BOOKMARK [3][-]{subsubsection.5.7.3.8}{\376\377\000f\000i\000n\000d\000I\000t\000e\000m\000P\000o\000s\000i\000t\000i\000o\000n\000A\000m\000o\000n\000g\000D\000u\000p\000l\000i\000c\000a\000t\000e\000s}{subsection.5.7.3}
\BOOKMARK [3][-]{subsubsection.5.7.3.9}{\376\377\000g\000c\000C\000u\000r\000r\000e\000n\000t\000I\000t\000e\000m}{subsection.5.7.3}
\BOOKMARK [3][-]{subsubsection.5.7.3.10}{\376\377\000g\000c\000C\000u\000r\000r\000e\000n\000t\000I\000t\000e\000m\000C\000h\000a\000n\000g\000e\000d}{subsection.5.7.3}
\BOOKMARK [3][-]{subsubsection.5.7.3.11}{\376\377\000g\000c\000C\000u\000r\000r\000e\000n\000t\000I\000t\000e\000m\000S\000e\000l\000e\000c\000t\000e\000d}{subsection.5.7.3}
\BOOKMARK [3][-]{subsubsection.5.7.3.12}{\376\377\000g\000e\000t\000I\000n\000c\000l\000u\000d\000e\000d\000T\000r\000e\000e\000W\000i\000d\000g\000e\000t\000I\000t\000e\000m\000s}{subsection.5.7.3}
\BOOKMARK [3][-]{subsubsection.5.7.3.13}{\376\377\000i\000n\000s\000e\000r\000t\000I\000t\000e\000m}{subsection.5.7.3}
\BOOKMARK [3][-]{subsubsection.5.7.3.14}{\376\377\000i\000s\000B\000a\000t\000c\000h\000P\000r\000o\000c\000e\000s\000s\000S\000u\000c\000c\000e\000s\000s}{subsection.5.7.3}
\BOOKMARK [3][-]{subsubsection.5.7.3.15}{\376\377\000i\000s\000C\000u\000r\000r\000e\000n\000t\000I\000t\000e\000m\000R\000o\000o\000t}{subsection.5.7.3}
\BOOKMARK [3][-]{subsubsection.5.7.3.16}{\376\377\000i\000s\000D\000o\000c\000u\000m\000e\000n\000t\000C\000o\000m\000p\000a\000t\000i\000b\000l\000e}{subsection.5.7.3}
\BOOKMARK [3][-]{subsubsection.5.7.3.17}{\376\377\000i\000s\000E\000m\000p\000t\000y}{subsection.5.7.3}
\BOOKMARK [3][-]{subsubsection.5.7.3.18}{\376\377\000k\000e\000y\000P\000r\000e\000s\000s\000E\000v\000e\000n\000t}{subsection.5.7.3}
\BOOKMARK [3][-]{subsubsection.5.7.3.19}{\376\377\000m\000a\000t\000c\000h\000e\000s\000R\000o\000o\000t\000N\000a\000m\000e}{subsection.5.7.3}
\BOOKMARK [3][-]{subsubsection.5.7.3.20}{\376\377\000p\000o\000p\000u\000l\000a\000t\000e\000F\000r\000o\000m\000D\000a\000t\000a\000b\000a\000s\000e}{subsection.5.7.3}
\BOOKMARK [3][-]{subsubsection.5.7.3.21}{\376\377\000r\000e\000b\000u\000i\000l\000d\000T\000r\000e\000e\000W\000i\000d\000g\000e\000t}{subsection.5.7.3}
\BOOKMARK [3][-]{subsubsection.5.7.3.22}{\376\377\000r\000e\000p\000l\000a\000c\000e\000I\000t\000e\000m\000s\000W\000i\000t\000h\000C\000o\000m\000m\000e\000n\000t}{subsection.5.7.3}
\BOOKMARK [3][-]{subsubsection.5.7.3.23}{\376\377\000r\000o\000o\000t\000N\000a\000m\000e}{subsection.5.7.3}
\BOOKMARK [3][-]{subsubsection.5.7.3.24}{\376\377\000s\000e\000t\000A\000c\000t\000i\000v\000e\000C\000o\000m\000m\000e\000n\000t\000V\000a\000l\000u\000e}{subsection.5.7.3}
\BOOKMARK [3][-]{subsubsection.5.7.3.25}{\376\377\000s\000e\000t\000A\000l\000l\000C\000h\000e\000c\000k\000S\000t\000a\000t\000e\000s}{subsection.5.7.3}
\BOOKMARK [3][-]{subsubsection.5.7.3.26}{\376\377\000s\000e\000t\000C\000o\000n\000t\000e\000n\000t}{subsection.5.7.3}
\BOOKMARK [3][-]{subsubsection.5.7.3.27}{\376\377\000s\000e\000t\000C\000u\000r\000r\000e\000n\000t\000I\000t\000e\000m\000W\000i\000t\000h\000I\000n\000d\000e\000x\000M\000a\000t\000c\000h\000i\000n\000g}{subsection.5.7.3}
\BOOKMARK [3][-]{subsubsection.5.7.3.28}{\376\377\000s\000e\000t\000S\000h\000o\000w\000T\000r\000e\000e\000I\000t\000e\000m\000s\000V\000e\000r\000b\000o\000s\000e}{subsection.5.7.3}
\BOOKMARK [3][-]{subsubsection.5.7.3.29}{\376\377\000t\000o\000S\000t\000r\000i\000n\000g}{subsection.5.7.3}
\BOOKMARK [1][-]{section.5.8}{\376\377\000G\000C\000H\000e\000l\000p\000D\000i\000a\000l\000o\000g\000\040\000C\000l\000a\000s\000s\000\040\000R\000e\000f\000e\000r\000e\000n\000c\000e}{chapter.5}
\BOOKMARK [2][-]{subsection.5.8.1}{\376\377\000D\000e\000t\000a\000i\000l\000e\000d\000\040\000D\000e\000s\000c\000r\000i\000p\000t\000i\000o\000n}{section.5.8}
\BOOKMARK [2][-]{subsection.5.8.2}{\376\377\000C\000o\000n\000s\000t\000r\000u\000c\000t\000o\000r\000\040\000\046\000\040\000D\000e\000s\000t\000r\000u\000c\000t\000o\000r\000\040\000D\000o\000c\000u\000m\000e\000n\000t\000a\000t\000i\000o\000n}{section.5.8}
\BOOKMARK [3][-]{subsubsection.5.8.2.1}{\376\377\000G\000C\000H\000e\000l\000p\000D\000i\000a\000l\000o\000g}{subsection.5.8.2}
\BOOKMARK [3][-]{subsubsection.5.8.2.2}{\376\377\000G\000C\000H\000e\000l\000p\000D\000i\000a\000l\000o\000g}{subsection.5.8.2}
\BOOKMARK [1][-]{section.5.9}{\376\377\000G\000C\000M\000a\000i\000n\000W\000i\000n\000d\000o\000w\000\040\000C\000l\000a\000s\000s\000\040\000R\000e\000f\000e\000r\000e\000n\000c\000e}{chapter.5}
\BOOKMARK [2][-]{subsection.5.9.1}{\376\377\000D\000e\000t\000a\000i\000l\000e\000d\000\040\000D\000e\000s\000c\000r\000i\000p\000t\000i\000o\000n}{section.5.9}
\BOOKMARK [2][-]{subsection.5.9.2}{\376\377\000C\000o\000n\000s\000t\000r\000u\000c\000t\000o\000r\000\040\000\046\000\040\000D\000e\000s\000t\000r\000u\000c\000t\000o\000r\000\040\000D\000o\000c\000u\000m\000e\000n\000t\000a\000t\000i\000o\000n}{section.5.9}
\BOOKMARK [3][-]{subsubsection.5.9.2.1}{\376\377\000G\000C\000M\000a\000i\000n\000W\000i\000n\000d\000o\000w}{subsection.5.9.2}
\BOOKMARK [3][-]{subsubsection.5.9.2.2}{\376\377\000G\000C\000M\000a\000i\000n\000W\000i\000n\000d\000o\000w}{subsection.5.9.2}
\BOOKMARK [2][-]{subsection.5.9.3}{\376\377\000M\000e\000m\000b\000e\000r\000\040\000F\000u\000n\000c\000t\000i\000o\000n\000\040\000D\000o\000c\000u\000m\000e\000n\000t\000a\000t\000i\000o\000n}{section.5.9}
\BOOKMARK [3][-]{subsubsection.5.9.3.1}{\376\377\000c\000l\000o\000s\000e\000E\000v\000e\000n\000t}{subsection.5.9.3}
\BOOKMARK [1][-]{section.5.10}{\376\377\000G\000C\000M\000e\000s\000s\000a\000g\000e\000D\000i\000a\000l\000o\000g\000\040\000C\000l\000a\000s\000s\000\040\000R\000e\000f\000e\000r\000e\000n\000c\000e}{chapter.5}
\BOOKMARK [2][-]{subsection.5.10.1}{\376\377\000D\000e\000t\000a\000i\000l\000e\000d\000\040\000D\000e\000s\000c\000r\000i\000p\000t\000i\000o\000n}{section.5.10}
\BOOKMARK [2][-]{subsection.5.10.2}{\376\377\000C\000o\000n\000s\000t\000r\000u\000c\000t\000o\000r\000\040\000\046\000\040\000D\000e\000s\000t\000r\000u\000c\000t\000o\000r\000\040\000D\000o\000c\000u\000m\000e\000n\000t\000a\000t\000i\000o\000n}{section.5.10}
\BOOKMARK [3][-]{subsubsection.5.10.2.1}{\376\377\000G\000C\000M\000e\000s\000s\000a\000g\000e\000D\000i\000a\000l\000o\000g}{subsection.5.10.2}
\BOOKMARK [3][-]{subsubsection.5.10.2.2}{\376\377\000G\000C\000M\000e\000s\000s\000a\000g\000e\000D\000i\000a\000l\000o\000g}{subsection.5.10.2}
\BOOKMARK [1][-]{section.5.11}{\376\377\000G\000C\000P\000l\000a\000i\000n\000T\000e\000x\000t\000E\000d\000i\000t\000\040\000C\000l\000a\000s\000s\000\040\000R\000e\000f\000e\000r\000e\000n\000c\000e}{chapter.5}
\BOOKMARK [2][-]{subsection.5.11.1}{\376\377\000D\000e\000t\000a\000i\000l\000e\000d\000\040\000D\000e\000s\000c\000r\000i\000p\000t\000i\000o\000n}{section.5.11}
\BOOKMARK [2][-]{subsection.5.11.2}{\376\377\000M\000e\000m\000b\000e\000r\000\040\000F\000u\000n\000c\000t\000i\000o\000n\000\040\000D\000o\000c\000u\000m\000e\000n\000t\000a\000t\000i\000o\000n}{section.5.11}
\BOOKMARK [3][-]{subsubsection.5.11.2.1}{\376\377\000c\000l\000e\000a\000r\000A\000n\000d\000R\000e\000s\000e\000t}{subsection.5.11.2}
\BOOKMARK [3][-]{subsubsection.5.11.2.2}{\376\377\000c\000o\000m\000m\000e\000n\000t\000O\000u\000t}{subsection.5.11.2}
\BOOKMARK [3][-]{subsubsection.5.11.2.3}{\376\377\000f\000i\000n\000d\000T\000e\000x\000t\000R\000e\000l\000a\000t\000i\000v\000e\000T\000o\000D\000u\000p\000l\000i\000c\000a\000t\000e\000s}{subsection.5.11.2}
\BOOKMARK [3][-]{subsubsection.5.11.2.4}{\376\377\000k\000e\000y\000P\000r\000e\000s\000s\000E\000v\000e\000n\000t}{subsection.5.11.2}
\BOOKMARK [3][-]{subsubsection.5.11.2.5}{\376\377\000m\000a\000n\000u\000a\000l\000E\000d\000i\000t\000A\000c\000c\000e\000p\000t\000e\000d}{subsection.5.11.2}
\BOOKMARK [3][-]{subsubsection.5.11.2.6}{\376\377\000s\000e\000l\000e\000c\000t\000e\000d\000I\000n\000d\000e\000x}{subsection.5.11.2}
\BOOKMARK [3][-]{subsubsection.5.11.2.7}{\376\377\000s\000e\000t\000C\000o\000n\000t\000e\000n\000t}{subsection.5.11.2}
\BOOKMARK [3][-]{subsubsection.5.11.2.8}{\376\377\000w\000r\000a\000p\000T\000e\000x\000t}{subsection.5.11.2}
\BOOKMARK [1][-]{section.5.12}{\376\377\000G\000C\000R\000e\000m\000o\000v\000e\000I\000t\000e\000m\000s\000F\000o\000r\000m\000\040\000C\000l\000a\000s\000s\000\040\000R\000e\000f\000e\000r\000e\000n\000c\000e}{chapter.5}
\BOOKMARK [2][-]{subsection.5.12.1}{\376\377\000D\000e\000t\000a\000i\000l\000e\000d\000\040\000D\000e\000s\000c\000r\000i\000p\000t\000i\000o\000n}{section.5.12}
\BOOKMARK [2][-]{subsection.5.12.2}{\376\377\000C\000o\000n\000s\000t\000r\000u\000c\000t\000o\000r\000\040\000\046\000\040\000D\000e\000s\000t\000r\000u\000c\000t\000o\000r\000\040\000D\000o\000c\000u\000m\000e\000n\000t\000a\000t\000i\000o\000n}{section.5.12}
\BOOKMARK [3][-]{subsubsection.5.12.2.1}{\376\377\000G\000C\000R\000e\000m\000o\000v\000e\000I\000t\000e\000m\000s\000F\000o\000r\000m}{subsection.5.12.2}
\BOOKMARK [3][-]{subsubsection.5.12.2.2}{\376\377\000G\000C\000R\000e\000m\000o\000v\000e\000I\000t\000e\000m\000s\000F\000o\000r\000m}{subsection.5.12.2}
\BOOKMARK [1][-]{section.5.13}{\376\377\000G\000C\000R\000e\000s\000t\000o\000r\000e\000F\000i\000l\000e\000s\000F\000o\000r\000m\000\040\000C\000l\000a\000s\000s\000\040\000R\000e\000f\000e\000r\000e\000n\000c\000e}{chapter.5}
\BOOKMARK [2][-]{subsection.5.13.1}{\376\377\000D\000e\000t\000a\000i\000l\000e\000d\000\040\000D\000e\000s\000c\000r\000i\000p\000t\000i\000o\000n}{section.5.13}
\BOOKMARK [2][-]{subsection.5.13.2}{\376\377\000C\000o\000n\000s\000t\000r\000u\000c\000t\000o\000r\000\040\000\046\000\040\000D\000e\000s\000t\000r\000u\000c\000t\000o\000r\000\040\000D\000o\000c\000u\000m\000e\000n\000t\000a\000t\000i\000o\000n}{section.5.13}
\BOOKMARK [3][-]{subsubsection.5.13.2.1}{\376\377\000G\000C\000R\000e\000s\000t\000o\000r\000e\000F\000i\000l\000e\000s\000F\000o\000r\000m}{subsection.5.13.2}
\BOOKMARK [3][-]{subsubsection.5.13.2.2}{\376\377\000G\000C\000R\000e\000s\000t\000o\000r\000e\000F\000i\000l\000e\000s\000F\000o\000r\000m}{subsection.5.13.2}
\BOOKMARK [1][-]{section.5.14}{\376\377\000G\000C\000S\000e\000a\000r\000c\000h\000F\000o\000r\000m\000\040\000C\000l\000a\000s\000s\000\040\000R\000e\000f\000e\000r\000e\000n\000c\000e}{chapter.5}
\BOOKMARK [2][-]{subsection.5.14.1}{\376\377\000D\000e\000t\000a\000i\000l\000e\000d\000\040\000D\000e\000s\000c\000r\000i\000p\000t\000i\000o\000n}{section.5.14}
\BOOKMARK [2][-]{subsection.5.14.2}{\376\377\000C\000o\000n\000s\000t\000r\000u\000c\000t\000o\000r\000\040\000\046\000\040\000D\000e\000s\000t\000r\000u\000c\000t\000o\000r\000\040\000D\000o\000c\000u\000m\000e\000n\000t\000a\000t\000i\000o\000n}{section.5.14}
\BOOKMARK [3][-]{subsubsection.5.14.2.1}{\376\377\000G\000C\000S\000e\000a\000r\000c\000h\000F\000o\000r\000m}{subsection.5.14.2}
\BOOKMARK [3][-]{subsubsection.5.14.2.2}{\376\377\000G\000C\000S\000e\000a\000r\000c\000h\000F\000o\000r\000m}{subsection.5.14.2}
\BOOKMARK [2][-]{subsection.5.14.3}{\376\377\000M\000e\000m\000b\000e\000r\000\040\000F\000u\000n\000c\000t\000i\000o\000n\000\040\000D\000o\000c\000u\000m\000e\000n\000t\000a\000t\000i\000o\000n}{section.5.14}
\BOOKMARK [3][-]{subsubsection.5.14.3.1}{\376\377\000f\000o\000u\000n\000d\000I\000t\000e\000m}{subsection.5.14.3}
\BOOKMARK [1][-]{section.5.15}{\376\377\000G\000C\000T\000r\000e\000e\000W\000i\000d\000g\000e\000t\000I\000t\000e\000m\000\040\000C\000l\000a\000s\000s\000\040\000R\000e\000f\000e\000r\000e\000n\000c\000e}{chapter.5}
\BOOKMARK [2][-]{subsection.5.15.1}{\376\377\000D\000e\000t\000a\000i\000l\000e\000d\000\040\000D\000e\000s\000c\000r\000i\000p\000t\000i\000o\000n}{section.5.15}
\BOOKMARK [2][-]{subsection.5.15.2}{\376\377\000C\000o\000n\000s\000t\000r\000u\000c\000t\000o\000r\000\040\000\046\000\040\000D\000e\000s\000t\000r\000u\000c\000t\000o\000r\000\040\000D\000o\000c\000u\000m\000e\000n\000t\000a\000t\000i\000o\000n}{section.5.15}
\BOOKMARK [3][-]{subsubsection.5.15.2.1}{\376\377\000G\000C\000T\000r\000e\000e\000W\000i\000d\000g\000e\000t\000I\000t\000e\000m}{subsection.5.15.2}
\BOOKMARK [3][-]{subsubsection.5.15.2.2}{\376\377\000G\000C\000T\000r\000e\000e\000W\000i\000d\000g\000e\000t\000I\000t\000e\000m}{subsection.5.15.2}
\BOOKMARK [2][-]{subsection.5.15.3}{\376\377\000M\000e\000m\000b\000e\000r\000\040\000F\000u\000n\000c\000t\000i\000o\000n\000\040\000D\000o\000c\000u\000m\000e\000n\000t\000a\000t\000i\000o\000n}{section.5.15}
\BOOKMARK [3][-]{subsubsection.5.15.3.1}{\376\377\000a\000t\000t\000r\000i\000b\000u\000t\000e\000I\000n\000c\000l\000u\000d\000e\000d}{subsection.5.15.3}
\BOOKMARK [3][-]{subsubsection.5.15.3.2}{\376\377\000e\000l\000e\000m\000e\000n\000t}{subsection.5.15.3}
\BOOKMARK [3][-]{subsubsection.5.15.3.3}{\376\377\000e\000l\000e\000m\000e\000n\000t\000E\000x\000c\000l\000u\000d\000e\000d}{subsection.5.15.3}
\BOOKMARK [3][-]{subsubsection.5.15.3.4}{\376\377\000e\000x\000c\000l\000u\000d\000e\000A\000t\000t\000r\000i\000b\000u\000t\000e}{subsection.5.15.3}
\BOOKMARK [3][-]{subsubsection.5.15.3.5}{\376\377\000f\000i\000x\000A\000t\000t\000r\000i\000b\000u\000t\000e\000V\000a\000l\000u\000e\000s}{subsection.5.15.3}
\BOOKMARK [3][-]{subsubsection.5.15.3.6}{\376\377\000f\000i\000x\000e\000d\000V\000a\000l\000u\000e}{subsection.5.15.3}
\BOOKMARK [3][-]{subsubsection.5.15.3.7}{\376\377\000g\000c\000C\000h\000i\000l\000d}{subsection.5.15.3}
\BOOKMARK [3][-]{subsubsection.5.15.3.8}{\376\377\000g\000c\000P\000a\000r\000e\000n\000t}{subsection.5.15.3}
\BOOKMARK [3][-]{subsubsection.5.15.3.9}{\376\377\000i\000n\000c\000l\000u\000d\000e\000A\000t\000t\000r\000i\000b\000u\000t\000e}{subsection.5.15.3}
\BOOKMARK [3][-]{subsubsection.5.15.3.10}{\376\377\000i\000n\000c\000r\000e\000m\000e\000n\000t\000A\000t\000t\000r\000i\000b\000u\000t\000e}{subsection.5.15.3}
\BOOKMARK [3][-]{subsubsection.5.15.3.11}{\376\377\000i\000n\000d\000e\000x}{subsection.5.15.3}
\BOOKMARK [3][-]{subsubsection.5.15.3.12}{\376\377\000i\000n\000s\000e\000r\000t\000G\000c\000C\000h\000i\000l\000d}{subsection.5.15.3}
\BOOKMARK [3][-]{subsubsection.5.15.3.13}{\376\377\000n\000a\000m\000e}{subsection.5.15.3}
\BOOKMARK [3][-]{subsubsection.5.15.3.14}{\376\377\000r\000e\000n\000a\000m\000e}{subsection.5.15.3}
\BOOKMARK [3][-]{subsubsection.5.15.3.15}{\376\377\000r\000e\000v\000e\000r\000t\000T\000o\000F\000i\000x\000e\000d\000V\000a\000l\000u\000e\000s}{subsection.5.15.3}
\BOOKMARK [3][-]{subsubsection.5.15.3.16}{\376\377\000s\000e\000t\000E\000x\000c\000l\000u\000d\000e\000E\000l\000e\000m\000e\000n\000t}{subsection.5.15.3}
\BOOKMARK [3][-]{subsubsection.5.15.3.17}{\376\377\000s\000e\000t\000I\000n\000c\000r\000e\000m\000e\000n\000t\000A\000t\000t\000r\000i\000b\000u\000t\000e}{subsection.5.15.3}
\BOOKMARK [3][-]{subsubsection.5.15.3.18}{\376\377\000s\000e\000t\000I\000n\000d\000e\000x}{subsection.5.15.3}
\BOOKMARK [3][-]{subsubsection.5.15.3.19}{\376\377\000s\000e\000t\000V\000e\000r\000b\000o\000s\000e}{subsection.5.15.3}
\BOOKMARK [3][-]{subsubsection.5.15.3.20}{\376\377\000t\000o\000S\000t\000r\000i\000n\000g}{subsection.5.15.3}
\BOOKMARK [1][-]{section.5.16}{\376\377\000X\000m\000l\000S\000y\000n\000t\000a\000x\000H\000i\000g\000h\000l\000i\000g\000h\000t\000e\000r\000\040\000C\000l\000a\000s\000s\000\040\000R\000e\000f\000e\000r\000e\000n\000c\000e}{chapter.5}
\BOOKMARK [2][-]{subsection.5.16.1}{\376\377\000D\000e\000t\000a\000i\000l\000e\000d\000\040\000D\000e\000s\000c\000r\000i\000p\000t\000i\000o\000n}{section.5.16}
